2025-04-24 20:47:47,868 - ml_logger - INFO - args = Namespace(dataset='.\\Data\\Data_Clustering.csv', ml_method='Clustering', col_no=[3, 4], algo='KMeansClusteringAuto')
2025-04-24 20:47:47,929 - ml_logger - INFO - Optimized number of clusters based on the autoelbow.auto_elbow_search: 4
2025-04-24 20:48:23,653 - ml_logger - INFO - args = Namespace(dataset='.\\Data\\Data_Clustering.csv', ml_method='Clustering', col_no=[3, 4], algo='KMeansClusteringAuto')
2025-04-24 20:48:23,714 - ml_logger - INFO - Optimized number of clusters based on the autoelbow.auto_elbow_search: 4
2025-04-24 20:48:39,152 - ml_logger - INFO - args = Namespace(dataset='.\\Data\\Data_Clustering.csv', ml_method='Clustering', col_no=[3, 4], algo='KMeansClusteringAuto')
2025-04-24 20:48:39,213 - ml_logger - INFO - Optimized number of clusters based on the autoelbow.auto_elbow_search: 4
2025-04-24 20:52:10,210 - ml_logger - INFO - args = Namespace(dataset='.\\Data\\Data_Clustering.csv', ml_method='Clustering', col_no=[3, 4], algo='HierarchicalClustering')
2025-04-24 20:52:16,013 - ml_logger - INFO - You have entered number of clusters = 5
2025-04-24 20:59:52,903 - ml_logger - INFO - args = Namespace(dataset='.\\Data\\Data_Regression.csv', ml_method='Regression', col_no=-1, algo='all')
2025-04-24 21:02:31,455 - ml_logger - INFO - args = Namespace(dataset='.\\Data\\Data_Clustering.csv', ml_method='Clustering', col_no=[3, 4], algo='HierarchicalClustering')
2025-04-24 21:02:37,525 - ml_logger - INFO - You have entered number of clusters = 4
2025-04-24 21:05:12,110 - ml_logger - INFO - args = Namespace(dataset='.\\Data\\Data_Regression.csv', ml_method='Regression', col_no=-1, algo='all')
2025-04-24 21:05:13,417 - ml_logger - INFO - Best Regression Algorithm = random_forest_regression
2025-04-24 21:05:13,418 - ml_logger - INFO - R2 Value = 0.960853142550123
2025-04-24 21:05:13,418 - ml_logger - INFO - Model Parameter = RandomForestRegressor(n_estimators=10, random_state=0)
2025-04-24 21:12:44,955 - ml_logger - INFO - args = Namespace(dataset='.\\Data\\Data_Clustering.csv', ml_method='Clustering', col_no=[3, 4], algo='KMeansClusteringAuto')
2025-04-24 21:12:45,012 - ml_logger - INFO - Optimized number of clusters based on the autoelbow.auto_elbow_search: 4
2025-04-24 21:15:00,017 - ml_logger - INFO - args = Namespace(dataset='.\\Data\\Data_Clustering.csv', ml_method='Clustering', col_no=[3, 4], algo='KMeansClusteringAuto')
2025-04-24 21:15:00,082 - ml_logger - INFO - Optimized number of clusters based on the autoelbow.auto_elbow_search: 4
2025-04-24 21:15:16,244 - ml_logger - INFO - args = Namespace(dataset='.\\Data\\Data_Regression.csv', ml_method='Regression', col_no=-1, algo='all')
2025-04-24 21:15:17,543 - ml_logger - INFO - Best Regression Algorithm = random_forest_regression
2025-04-24 21:15:17,543 - ml_logger - INFO - R2 Value = 0.960853142550123
2025-04-24 21:15:17,543 - ml_logger - INFO - Model Parameter = RandomForestRegressor(n_estimators=10, random_state=0)
2025-04-24 21:15:35,817 - ml_logger - INFO - args = Namespace(dataset='.\\Data\\Data_Classification.csv', ml_method='Classification', col_no=-1, algo='all')
2025-04-24 21:15:55,153 - ml_logger - INFO - args = Namespace(dataset='.\\Data\\Data_Classification.csv', ml_method='Classification', col_no=-1, algo='all')
2025-04-24 21:15:55,215 - ml_logger - INFO - Best Classification Algorithm = decision_tree_clasification
2025-04-24 21:15:55,215 - ml_logger - INFO - Accuracy Score = 0.9590643274853801
2025-04-24 21:15:55,215 - ml_logger - INFO - Confusion Matrix = 
[[103   4]
 [  3  61]]
2025-04-24 21:15:55,216 - ml_logger - INFO - Model Parameter = DecisionTreeClassifier(criterion='entropy', random_state=0)
2025-04-25 09:17:20,781 - ml_logger - INFO - args = Namespace(dataset='.\\Data\\Data_Clustering.csv', ml_method='Clustering', col_no=[3, 4], algo='all')
2025-04-25 09:17:20,781 - ml_logger - INFO - <class 'clustering_algo.KMeansClusteringManual'>
2025-04-25 09:17:20,781 - ml_logger - INFO - <class 'clustering_algo.KMeansClusteringAuto'>
2025-04-25 09:17:20,782 - ml_logger - INFO - <class 'clustering_algo.HierarchicalClustering'>
2025-04-25 09:17:34,752 - ml_logger - INFO - You have entered number of clusters = 3
2025-04-25 09:17:37,479 - ml_logger - INFO - Optimized number of clusters based on the autoelbow.auto_elbow_search: 4
2025-04-25 09:17:44,963 - ml_logger - INFO - You have entered number of clusters = 4
2025-04-25 09:22:24,289 - ml_logger - INFO - args = Namespace(dataset='.\\Data\\Data_Clustering.csv', ml_method='Clustering', col_no=[3, 4], algo='all')
2025-04-25 09:22:24,290 - ml_logger - INFO - clustering_algo_disc =  {<class 'clustering_algo.KMeansClusteringManual'>: None, <class 'clustering_algo.KMeansClusteringAuto'>: None, <class 'clustering_algo.HierarchicalClustering'>: None}
2025-04-25 09:22:31,622 - ml_logger - INFO - You have entered number of clusters = 5
2025-04-25 09:22:33,921 - ml_logger - INFO - Optimized number of clusters based on the autoelbow.auto_elbow_search: 4
2025-04-25 09:22:39,627 - ml_logger - INFO - You have entered number of clusters = 4
2025-04-25 09:24:01,839 - ml_logger - INFO - args = Namespace(dataset='.\\Data\\Data_Clustering.csv', ml_method='Clustering', col_no=[3, 4], algo='all')
2025-04-25 09:24:01,840 - ml_logger - INFO - clustering_algo_disc =  {<class 'clustering_algo.KMeansClusteringManual'>: None, <class 'clustering_algo.KMeansClusteringAuto'>: None, <class 'clustering_algo.HierarchicalClustering'>: None}
2025-04-25 09:29:46,178 - ml_logger - INFO - args = Namespace(dataset='.\\Data\\Data_Clustering.csv', ml_method='Clustering', col_no=[3, 4], algo='HierarchicalClustering')
2025-04-25 09:35:38,696 - ml_logger - INFO - args = Namespace(dataset='.\\Data\\Data_Clustering.csv', ml_method='Clustering', col_no=[3, 4], algo='HierarchicalClustering')
2025-04-25 09:35:38,696 - ml_logger - INFO - -------------------  YES -------------- HierarchicalClustering
2025-04-25 09:35:48,390 - ml_logger - INFO - You have entered number of clusters = 5
2025-04-25 09:41:13,744 - ml_logger - INFO - args = Namespace(dataset='.\\Data\\Data_Clustering.csv', ml_method='Clustering', col_no=[3, 4], algo='HierarchicalClustering')
2025-04-25 09:41:13,744 - ml_logger - ERROR - You have entered the clustering algorith as -a HierarchicalClustering. Possible algoriths are: 
2025-04-25 09:41:13,744 - ml_logger - ERROR - clustering_algo = KMeansClusteringManual
2025-04-25 09:41:13,744 - ml_logger - ERROR - clustering_algo = KMeansClusteringAuto
2025-04-25 09:41:13,744 - ml_logger - ERROR - clustering_algo = HierarchicalClustering
2025-04-25 09:41:13,744 - ml_logger - ERROR - You have entered the clustering algorith as -a HierarchicalClustering. Possible algoriths are: 
2025-04-25 09:41:13,744 - ml_logger - ERROR - clustering_algo = KMeansClusteringManual
2025-04-25 09:41:13,744 - ml_logger - ERROR - clustering_algo = KMeansClusteringAuto
2025-04-25 09:41:13,744 - ml_logger - ERROR - clustering_algo = HierarchicalClustering
2025-04-25 09:41:13,744 - ml_logger - INFO - Trying to invoke the HierarchicalClustering(self.args).clustering_method()
2025-04-25 09:44:38,971 - ml_logger - INFO - args = Namespace(dataset='.\\Data\\Data_Clustering.csv', ml_method='Clustering', col_no=[3, 4], algo='HierarchicalClustering')
2025-04-25 09:44:38,971 - ml_logger - ERROR - You have entered the clustering algorith as -a HierarchicalClustering. Possible algoriths are: 
2025-04-25 09:44:38,971 - ml_logger - ERROR - clustering_algo = KMeansClusteringManual
2025-04-25 09:44:38,971 - ml_logger - ERROR - clustering_algo = KMeansClusteringAuto
2025-04-25 09:44:38,971 - ml_logger - ERROR - clustering_algo = HierarchicalClustering
2025-04-25 09:44:38,971 - ml_logger - ERROR - You have entered the clustering algorith as -a HierarchicalClustering. Possible algoriths are: 
2025-04-25 09:44:38,971 - ml_logger - ERROR - clustering_algo = KMeansClusteringManual
2025-04-25 09:44:38,972 - ml_logger - ERROR - clustering_algo = KMeansClusteringAuto
2025-04-25 09:44:38,972 - ml_logger - ERROR - clustering_algo = HierarchicalClustering
2025-04-25 09:44:38,972 - ml_logger - INFO - Trying to invoke the HierarchicalClustering(self.args).clustering_method()
2025-04-25 09:46:07,614 - ml_logger - INFO - args = Namespace(dataset='.\\Data\\Data_Clustering.csv', ml_method='Clustering', col_no=[3, 4], algo='HierarchicalClustering')
2025-04-25 09:46:07,614 - ml_logger - ERROR - You have entered the clustering algorith as -a HierarchicalClustering. Possible algoriths are: 
2025-04-25 09:46:07,614 - ml_logger - ERROR - clustering_algo = KMeansClusteringManual
2025-04-25 09:46:07,614 - ml_logger - ERROR - clustering_algo = KMeansClusteringAuto
2025-04-25 09:46:07,614 - ml_logger - ERROR - clustering_algo = HierarchicalClustering
2025-04-25 09:46:07,615 - ml_logger - ERROR - You have entered the clustering algorith as -a HierarchicalClustering. Possible algoriths are: 
2025-04-25 09:46:07,615 - ml_logger - ERROR - clustering_algo = KMeansClusteringManual
2025-04-25 09:46:07,615 - ml_logger - ERROR - clustering_algo = KMeansClusteringAuto
2025-04-25 09:46:07,615 - ml_logger - ERROR - clustering_algo = HierarchicalClustering
2025-04-25 09:46:07,615 - ml_logger - INFO - Trying to invoke the HierarchicalClustering(self.args).clustering_method()
2025-04-25 09:46:57,692 - ml_logger - INFO - args = Namespace(dataset='.\\Data\\Data_Clustering.csv', ml_method='Clustering', col_no=[3, 4], algo='HierarchicalClustering')
2025-04-25 09:46:57,692 - ml_logger - ERROR - You have entered the clustering algorith as -a HierarchicalClustering. Possible algoriths are: 
2025-04-25 09:46:57,692 - ml_logger - ERROR - clustering_algo = KMeansClusteringManual
2025-04-25 09:46:57,692 - ml_logger - ERROR - clustering_algo = KMeansClusteringAuto
2025-04-25 09:46:57,693 - ml_logger - ERROR - clustering_algo = HierarchicalClustering
2025-04-25 09:46:57,693 - ml_logger - ERROR - You have entered the clustering algorith as -a HierarchicalClustering. Possible algoriths are: 
2025-04-25 09:46:57,693 - ml_logger - ERROR - clustering_algo = KMeansClusteringManual
2025-04-25 09:46:57,693 - ml_logger - ERROR - clustering_algo = KMeansClusteringAuto
2025-04-25 09:46:57,693 - ml_logger - ERROR - clustering_algo = HierarchicalClustering
2025-04-25 09:46:57,693 - ml_logger - INFO - Trying to invoke the HierarchicalClustering(self.args).clustering_method()
2025-04-25 09:46:57,693 - ml_logger - INFO - obj = <class 'clustering_algo.HierarchicalClustering'>
2025-04-25 09:47:58,840 - ml_logger - INFO - args = Namespace(dataset='.\\Data\\Data_Clustering.csv', ml_method='Clustering', col_no=[3, 4], algo='HierarchicalClustering')
2025-04-25 09:48:03,449 - ml_logger - INFO - You have entered number of clusters = 4
2025-04-25 09:51:58,654 - ml_logger - INFO - args = Namespace(dataset='.\\Data\\Data_Clustering.csv', ml_method='Clustering', col_no=[3, 4], algo='all')
2025-04-25 09:55:03,283 - ml_logger - INFO - args = Namespace(dataset='.\\Data\\Data_Clustering.csv', ml_method='Clustering', col_no=[3, 4], algo='HierarchicalClustering')
2025-04-25 09:55:03,284 - ml_logger - ERROR - You have entered the clustering algorith as -a HierarchicalClustering. Possible algoriths are: 
2025-04-25 09:55:03,284 - ml_logger - ERROR - clustering_algo = KMeansClusteringManual
2025-04-25 09:55:03,284 - ml_logger - ERROR - clustering_algo = KMeansClusteringAuto
2025-04-25 09:55:03,284 - ml_logger - ERROR - clustering_algo = HierarchicalClustering
2025-04-25 09:55:03,284 - ml_logger - ERROR - You have entered the clustering algorith as -a HierarchicalClustering. Possible algoriths are: 
2025-04-25 09:55:03,284 - ml_logger - ERROR - clustering_algo = KMeansClusteringManual
2025-04-25 09:55:03,284 - ml_logger - ERROR - clustering_algo = KMeansClusteringAuto
2025-04-25 09:55:03,284 - ml_logger - ERROR - clustering_algo = HierarchicalClustering
2025-04-25 09:55:03,284 - ml_logger - INFO - Trying to invoke the HierarchicalClustering(self.args).clustering_method()
2025-04-25 09:55:14,444 - ml_logger - INFO - You have entered number of clusters = 4
2025-04-25 10:01:18,926 - ml_logger - INFO - args = Namespace(dataset='.\\Data\\Data_Clustering.csv', ml_method='Clustering', col_no=[3, 4], algo='HierarchicalClustering')
2025-04-25 10:01:24,404 - ml_logger - INFO - You have entered number of clusters = 4
2025-04-25 10:01:30,031 - ml_logger - INFO - args = Namespace(dataset='.\\Data\\Data_Clustering.csv', ml_method='Clustering', col_no=[3, 4], algo='HierarchicalClusterin')
2025-04-25 10:01:30,032 - ml_logger - ERROR - You have entered the clustering algorith as -a HierarchicalClusterin. Possible algoriths are: 
2025-04-25 10:01:30,032 - ml_logger - ERROR - clustering_algo = KMeansClusteringManual
2025-04-25 10:01:30,032 - ml_logger - ERROR - clustering_algo = KMeansClusteringAuto
2025-04-25 10:01:30,032 - ml_logger - ERROR - clustering_algo = HierarchicalClustering
2025-04-25 10:01:48,470 - ml_logger - INFO - args = Namespace(dataset='.\\Data\\Data_Clustering.csv', ml_method='Clustering', col_no=[3, 4], algo='all')
2025-04-25 10:01:53,158 - ml_logger - INFO - You have entered number of clusters = 4
2025-04-25 10:01:54,942 - ml_logger - INFO - Optimized number of clusters based on the autoelbow.auto_elbow_search: 4
2025-04-25 10:01:58,865 - ml_logger - INFO - You have entered number of clusters = 5
2025-04-25 10:06:09,987 - ml_logger - INFO - args = Namespace(dataset='.\\Data\\Data_Clustering.csv', ml_method='Clustering', col_no=[3, 4], algo='all')
2025-04-25 10:06:15,226 - ml_logger - INFO - You have entered number of clusters = 4
2025-04-25 10:06:16,997 - ml_logger - INFO - Optimized number of clusters based on the autoelbow.auto_elbow_search: 4
2025-04-25 10:06:20,186 - ml_logger - INFO - You have entered number of clusters = 4
2025-04-25 11:09:56,677 - ml_logger - INFO - args = Namespace(dataset='.\\Data\\Data_Regression.csv', ml_method='Regression', col_no=-1, algo='all')
2025-04-25 11:13:02,544 - ml_logger - INFO - args = Namespace(dataset='.\\Data\\Data_Regression.csv', ml_method='Regression', col_no=-1, algo='all')
2025-04-25 11:16:10,231 - ml_logger - INFO - args = Namespace(dataset='.\\Data\\Data_Regression.csv', ml_method='Regression', col_no=-1, algo='all')
2025-04-25 11:19:08,425 - ml_logger - INFO - args = Namespace(dataset='.\\Data\\Data_Regression.csv', ml_method='Regression', col_no=-1, algo='all')
2025-04-25 11:21:21,278 - ml_logger - INFO - args = Namespace(dataset='.\\Data\\Data_Regression.csv', ml_method='Regression', col_no=-1, algo='all')
2025-04-25 11:22:33,260 - ml_logger - INFO - args = Namespace(dataset='.\\Data\\Data_Regression.csv', ml_method='Regression', col_no=-1, algo='all')
2025-04-25 11:22:33,266 - ml_logger - INFO - ----A-----
2025-04-25 11:28:58,230 - ml_logger - INFO - args = Namespace(dataset='.\\Data\\Data_Regression.csv', ml_method='Regression', col_no=-1, algo='all')
2025-04-25 11:28:58,239 - ml_logger - INFO - ----A-----
2025-04-25 11:37:05,496 - ml_logger - INFO - args = Namespace(dataset='.\\Data\\Data_Regression.csv', ml_method='Regression', col_no=-1, algo='all')
2025-04-25 11:37:05,503 - ml_logger - INFO - ----A-----
2025-04-25 11:37:05,509 - ml_logger - INFO - ----B-----
2025-04-25 11:37:05,510 - ml_logger - INFO - ----C-----
2025-04-25 11:37:05,510 - ml_logger - INFO - ----1-----
2025-04-25 11:37:05,535 - ml_logger - INFO - ----1-----
2025-04-25 11:37:05,536 - ml_logger - INFO - ----2-----
2025-04-25 11:37:05,536 - ml_logger - INFO - ----3-----
2025-04-25 11:37:05,537 - ml_logger - INFO - ----4-----
2025-04-25 11:37:05,542 - ml_logger - INFO - ----A-----
2025-04-25 11:37:05,550 - ml_logger - INFO - ----B-----
2025-04-25 11:37:05,550 - ml_logger - INFO - ----C-----
2025-04-25 11:39:53,618 - ml_logger - INFO - args = Namespace(dataset='.\\Data\\Data_Regression.csv', ml_method='Regression', col_no=-1, algo='all')
2025-04-25 11:41:13,343 - ml_logger - INFO - args = Namespace(dataset='.\\Data\\Data_Regression.csv', ml_method='Regression', col_no=-1, algo='all')
2025-04-25 11:42:08,905 - ml_logger - INFO - args = Namespace(dataset='.\\Data\\Data_Regression.csv', ml_method='Regression', col_no=-1, algo='all')
2025-04-25 11:43:49,551 - ml_logger - INFO - args = Namespace(dataset='.\\Data\\Data_Regression.csv', ml_method='Regression', col_no=-1, algo='all')
2025-04-25 11:44:44,325 - ml_logger - INFO - args = Namespace(dataset='.\\Data\\Data_Regression.csv', ml_method='Regression', col_no=-1, algo='all')
2025-04-25 11:44:45,458 - ml_logger - INFO - ------ 1 ----
2025-04-25 11:44:45,485 - ml_logger - INFO - ------ 2 ----
2025-04-25 11:44:45,487 - ml_logger - INFO - ------ 3 ----
2025-04-25 11:44:45,487 - ml_logger - INFO - ------ 4 ----
2025-04-25 11:44:45,488 - ml_logger - INFO - ------ 5 ----
2025-04-25 11:45:40,126 - ml_logger - INFO - args = Namespace(dataset='.\\Data\\Data_Regression.csv', ml_method='Regression', col_no=-1, algo='all')
2025-04-25 11:45:41,295 - ml_logger - INFO - ------ 1 ----
2025-04-25 11:48:42,048 - ml_logger - INFO - args = Namespace(dataset='.\\Data\\Data_Regression.csv', ml_method='Regression', col_no=-1, algo='all')
2025-04-25 11:48:43,222 - ml_logger - INFO - ------ 1 ----
2025-04-25 11:48:43,379 - ml_logger - INFO - ------ 2 ----
2025-04-25 11:48:43,383 - ml_logger - INFO - ------ 3 ----
2025-04-25 11:48:43,383 - ml_logger - INFO - ------ 4 ----
2025-04-25 11:48:43,383 - ml_logger - INFO - ------ 5 ----
2025-04-25 11:54:37,255 - ml_logger - INFO - args = Namespace(dataset='.\\Data\\Data_Regression.csv', ml_method='Regression', col_no=-1, algo='all')
2025-04-25 11:55:16,306 - ml_logger - INFO - args = Namespace(dataset='.\\Data\\Data_Regression.csv', ml_method='Regression', col_no=-1, algo='all')
2025-04-25 11:55:42,060 - ml_logger - INFO - args = Namespace(dataset='.\\Data\\Data_Regression.csv', ml_method='Regression', col_no=-1, algo='all')
2025-04-25 11:56:07,088 - ml_logger - INFO - args = Namespace(dataset='.\\Data\\Data_Regression.csv', ml_method='Regression', col_no=-1, algo='all')
2025-04-25 11:56:08,412 - ml_logger - INFO - [1.32384014s] : call_regression_method(<regression.BuildRegressionAlgo object at 0x00000266872566C0>)
2025-04-25 11:56:58,601 - ml_logger - INFO - args = Namespace(dataset='.\\Data\\Data_Regression.csv', ml_method='Regression', col_no=-1, algo='all')
2025-04-25 11:56:59,950 - ml_logger - INFO - Inside generate_result 
2025-04-25 13:13:21,759 - ml_logger - INFO - args = Namespace(dataset='.\\Data\\Data_Regression.csv', ml_method='Regression', col_no=-1, algo='all')
2025-04-25 13:13:23,095 - ml_logger - INFO - Inside generate_result 
2025-04-25 13:13:23,095 - ml_logger - INFO - Inside if --- 
2025-04-25 13:13:23,095 - ml_logger - INFO - Inside for --- regression_algo.__name__ = LinerRegression
2025-04-25 13:14:31,167 - ml_logger - INFO - args = Namespace(dataset='.\\Data\\Data_Regression.csv', ml_method='Regression', col_no=-1, algo='all')
2025-04-25 13:14:32,521 - ml_logger - INFO - Inside generate_result 
2025-04-25 13:14:32,521 - ml_logger - INFO - Inside if --- 
2025-04-25 13:14:32,522 - ml_logger - INFO - Inside for --- regression_algo.__name__ = LinerRegression
2025-04-25 13:16:22,105 - ml_logger - INFO - args = Namespace(dataset='.\\Data\\Data_Regression.csv', ml_method='Regression', col_no=-1, algo='all')
2025-04-25 13:16:23,459 - ml_logger - INFO - Inside generate_result 
2025-04-25 13:16:23,460 - ml_logger - INFO - Inside if ---regression_algo_disc = {<class 'regression.LinerRegression'>: None, <class 'regression.PolynomialRegression'>: None, <class 'regression.SupportVectorRegression'>: None, <class 'regression.DecisionTreeRegression'>: None, <class 'regression.RandomForestRegression'>: None} 
2025-04-25 13:16:23,460 - ml_logger - INFO - Inside for --- regression_algo = <class 'regression.LinerRegression'>
2025-04-25 13:16:23,460 - ml_logger - INFO - Inside for --- value = None
2025-04-25 13:17:39,400 - ml_logger - INFO - args = Namespace(dataset='.\\Data\\Data_Regression.csv', ml_method='Regression', col_no=-1, algo='all')
2025-04-25 13:17:40,755 - ml_logger - INFO - Inside generate_result 
2025-04-25 13:17:40,755 - ml_logger - INFO - Inside if ---regression_algo_disc = {<class 'regression.LinerRegression'>: None, <class 'regression.PolynomialRegression'>: None, <class 'regression.SupportVectorRegression'>: None, <class 'regression.DecisionTreeRegression'>: None, <class 'regression.RandomForestRegression'>: None} 
2025-04-25 13:17:40,755 - ml_logger - INFO - Inside for --- regression_algo = <class 'regression.LinerRegression'>
2025-04-25 13:17:40,755 - ml_logger - INFO - Inside for --- value = None
2025-04-25 13:21:45,322 - ml_logger - INFO - args = Namespace(dataset='.\\Data\\Data_Regression.csv', ml_method='Regression', col_no=-1, algo='all')
2025-04-25 13:21:45,357 - ml_logger - INFO - result =  None
2025-04-25 13:21:45,381 - ml_logger - INFO - result =  None
2025-04-25 13:21:46,466 - ml_logger - INFO - result =  None
2025-04-25 13:21:46,501 - ml_logger - INFO - result =  None
2025-04-25 13:21:46,673 - ml_logger - INFO - result =  None
2025-04-25 13:21:46,673 - ml_logger - INFO - Inside generate_result 
2025-04-25 13:21:46,673 - ml_logger - INFO - Inside if ---regression_algo_disc = {<class 'regression.LinerRegression'>: None, <class 'regression.PolynomialRegression'>: None, <class 'regression.SupportVectorRegression'>: None, <class 'regression.DecisionTreeRegression'>: None, <class 'regression.RandomForestRegression'>: None} 
2025-04-25 13:21:46,674 - ml_logger - INFO - Inside for --- regression_algo = <class 'regression.LinerRegression'>
2025-04-25 13:21:46,674 - ml_logger - INFO - Inside for --- value = None
2025-04-25 13:22:55,043 - ml_logger - INFO - args = Namespace(dataset='.\\Data\\Data_Regression.csv', ml_method='Regression', col_no=-1, algo='all')
2025-04-25 13:22:55,084 - ml_logger - INFO - result =  (0.9323789104734466, LinearRegression())
2025-04-25 13:22:55,107 - ml_logger - INFO - result =  None
2025-04-25 13:22:56,183 - ml_logger - INFO - result =  None
2025-04-25 13:22:56,220 - ml_logger - INFO - result =  None
2025-04-25 13:22:56,390 - ml_logger - INFO - result =  None
2025-04-25 13:22:56,390 - ml_logger - INFO - Inside generate_result 
2025-04-25 13:22:56,391 - ml_logger - INFO - Inside if ---regression_algo_disc = {<class 'regression.LinerRegression'>: None, <class 'regression.PolynomialRegression'>: None, <class 'regression.SupportVectorRegression'>: None, <class 'regression.DecisionTreeRegression'>: None, <class 'regression.RandomForestRegression'>: None} 
2025-04-25 13:22:56,391 - ml_logger - INFO - Inside for --- regression_algo = <class 'regression.LinerRegression'>
2025-04-25 13:22:56,391 - ml_logger - INFO - Inside for --- value = None
2025-04-25 13:27:54,133 - ml_logger - INFO - args = Namespace(dataset='.\\Data\\Data_Regression.csv', ml_method='Regression', col_no=-1, algo='all')
2025-04-25 13:27:54,163 - ml_logger - INFO - result =  (0.9323789104734466, LinearRegression())
2025-04-25 13:27:54,192 - ml_logger - INFO - result =  (0.9459731575639202, LinearRegression())
2025-04-25 13:27:55,282 - ml_logger - INFO - result =  (0.9483940635883191, SVR())
2025-04-25 13:27:55,320 - ml_logger - INFO - result =  (0.9229733351311707, DecisionTreeRegressor(random_state=0))
2025-04-25 13:27:55,493 - ml_logger - INFO - result =  (0.960853142550123, RandomForestRegressor(n_estimators=10, random_state=0))
2025-04-25 13:27:55,493 - ml_logger - INFO - Inside generate_result 
2025-04-25 13:27:55,493 - ml_logger - INFO - Inside if ---regression_algo_disc = {<class 'regression.LinerRegression'>: None, <class 'regression.PolynomialRegression'>: None, <class 'regression.SupportVectorRegression'>: None, <class 'regression.DecisionTreeRegression'>: None, <class 'regression.RandomForestRegression'>: None} 
2025-04-25 13:27:55,493 - ml_logger - INFO - Inside for --- regression_algo = <class 'regression.LinerRegression'>
2025-04-25 13:27:55,493 - ml_logger - INFO - Inside for --- value = None
2025-04-25 13:32:22,818 - ml_logger - INFO - args = Namespace(dataset='.\\Data\\Data_Regression.csv', ml_method='Regression', col_no=-1, algo='all')
2025-04-25 13:32:22,845 - ml_logger - INFO - result =  (0.9323789104734466, LinearRegression())
2025-04-25 13:32:22,874 - ml_logger - INFO - result =  (0.9459731575639202, LinearRegression())
2025-04-25 13:32:23,947 - ml_logger - INFO - result =  (0.9483940635883191, SVR())
2025-04-25 13:32:23,986 - ml_logger - INFO - result =  (0.9229733351311707, DecisionTreeRegressor(random_state=0))
2025-04-25 13:32:24,161 - ml_logger - INFO - result =  (0.960853142550123, RandomForestRegressor(n_estimators=10, random_state=0))
2025-04-25 13:32:24,162 - ml_logger - INFO - Inside generate_result 
2025-04-25 13:32:24,162 - ml_logger - INFO - Inside if ---regression_algo_disc = {<class 'regression.LinerRegression'>: (0.9323789104734466, LinearRegression()), <class 'regression.PolynomialRegression'>: (0.9459731575639202, LinearRegression()), <class 'regression.SupportVectorRegression'>: (0.9483940635883191, SVR()), <class 'regression.DecisionTreeRegression'>: (0.9229733351311707, DecisionTreeRegressor(random_state=0)), <class 'regression.RandomForestRegression'>: (0.960853142550123, RandomForestRegressor(n_estimators=10, random_state=0))} 
2025-04-25 13:32:24,162 - ml_logger - INFO - Inside for --- regression_algo = <class 'regression.LinerRegression'>
2025-04-25 13:32:24,163 - ml_logger - INFO - Inside for --- value = (0.9323789104734466, LinearRegression())
2025-04-25 13:32:24,163 - ml_logger - INFO - [Regression Algo Name] : LinerRegression 	 ->  R2-score = 0.9324
2025-04-25 13:32:24,163 - ml_logger - INFO - Inside for --- regression_algo = <class 'regression.PolynomialRegression'>
2025-04-25 13:32:24,163 - ml_logger - INFO - Inside for --- value = (0.9459731575639202, LinearRegression())
2025-04-25 13:32:24,163 - ml_logger - INFO - [Regression Algo Name] : PolynomialRegression 	 ->  R2-score = 0.9460
2025-04-25 13:32:24,163 - ml_logger - INFO - Inside for --- regression_algo = <class 'regression.SupportVectorRegression'>
2025-04-25 13:32:24,164 - ml_logger - INFO - Inside for --- value = (0.9483940635883191, SVR())
2025-04-25 13:32:24,164 - ml_logger - INFO - [Regression Algo Name] : SupportVectorRegression 	 ->  R2-score = 0.9484
2025-04-25 13:32:24,164 - ml_logger - INFO - Inside for --- regression_algo = <class 'regression.DecisionTreeRegression'>
2025-04-25 13:32:24,164 - ml_logger - INFO - Inside for --- value = (0.9229733351311707, DecisionTreeRegressor(random_state=0))
2025-04-25 13:32:24,164 - ml_logger - INFO - [Regression Algo Name] : DecisionTreeRegression 	 ->  R2-score = 0.9230
2025-04-25 13:32:24,164 - ml_logger - INFO - Inside for --- regression_algo = <class 'regression.RandomForestRegression'>
2025-04-25 13:32:24,164 - ml_logger - INFO - Inside for --- value = (0.960853142550123, RandomForestRegressor(n_estimators=10, random_state=0))
2025-04-25 13:32:24,164 - ml_logger - INFO - [Regression Algo Name] : RandomForestRegression 	 ->  R2-score = 0.9609
2025-04-25 13:32:24,164 - ml_logger - INFO - [1.34578109s] : call_regression_method(<regression.BuildRegressionAlgo object at 0x0000011C0CA33E60>)
2025-04-25 13:33:53,815 - ml_logger - INFO - args = Namespace(dataset='.\\Data\\Data_Regression.csv', ml_method='Regression', col_no=-1, algo='all')
2025-04-25 13:33:53,845 - ml_logger - INFO - result =  (0.9323789104734466, LinearRegression())
2025-04-25 13:33:53,867 - ml_logger - INFO - result =  (0.9459731575639202, LinearRegression())
2025-04-25 13:33:54,953 - ml_logger - INFO - result =  (0.9483940635883191, SVR())
2025-04-25 13:33:54,994 - ml_logger - INFO - result =  (0.9229733351311707, DecisionTreeRegressor(random_state=0))
2025-04-25 13:33:55,170 - ml_logger - INFO - result =  (0.960853142550123, RandomForestRegressor(n_estimators=10, random_state=0))
2025-04-25 13:33:55,170 - ml_logger - INFO - [Regression Algo Name] : LinerRegression 	 ->  R2-score = 0.9324
2025-04-25 13:33:55,171 - ml_logger - INFO - [Regression Algo Name] : PolynomialRegression 	 ->  R2-score = 0.9460
2025-04-25 13:33:55,171 - ml_logger - INFO - [Regression Algo Name] : SupportVectorRegression 	 ->  R2-score = 0.9484
2025-04-25 13:33:55,171 - ml_logger - INFO - [Regression Algo Name] : DecisionTreeRegression 	 ->  R2-score = 0.9230
2025-04-25 13:33:55,171 - ml_logger - INFO - [Regression Algo Name] : RandomForestRegression 	 ->  R2-score = 0.9609
2025-04-25 13:33:55,171 - ml_logger - INFO - [1.35591412s] : call_regression_method(<regression.BuildRegressionAlgo object at 0x00000253B74E7E60>)
2025-04-25 13:48:49,597 - ml_logger - INFO - args = Namespace(dataset='.\\Data\\Data_Regression.csv', ml_method='Regression', col_no=-1, algo='all')
2025-04-25 13:48:49,623 - ml_logger - INFO - result =  (0.9323789104734466, LinearRegression())
2025-04-25 13:48:49,647 - ml_logger - INFO - result =  (0.9459731575639202, LinearRegression())
2025-04-25 13:48:50,727 - ml_logger - INFO - result =  (0.9483940635883191, SVR())
2025-04-25 13:48:50,763 - ml_logger - INFO - result =  (0.9229733351311707, DecisionTreeRegressor(random_state=0))
2025-04-25 13:48:50,940 - ml_logger - INFO - result =  (0.960853142550123, RandomForestRegressor(n_estimators=10, random_state=0))
2025-04-25 13:48:50,941 - ml_logger - INFO - [1.34347558s] : call_regression_method(<regression.BuildRegressionAlgo object at 0x00000252501F5760>)
2025-04-25 13:55:14,222 - ml_logger - INFO - args = Namespace(dataset='.\\Data\\Data_Regression.csv', ml_method='Regression', col_no=-1, algo='all')
2025-04-25 13:55:14,251 - ml_logger - INFO - result =  (0.9323789104734466, LinearRegression())
2025-04-25 13:55:14,251 - ml_logger - INFO - [Regression Algo Name] : LinerRegression 	 ->  R2-score = 0.9324
2025-04-25 13:57:18,633 - ml_logger - INFO - args = Namespace(dataset='.\\Data\\Data_Regression.csv', ml_method='Regression', col_no=-1, algo='all')
2025-04-25 13:57:18,663 - ml_logger - INFO - result =  (0.9323789104734466, LinearRegression())
2025-04-25 13:57:18,663 - ml_logger - INFO - [Regression Algo Name] : <class 'regression.LinerRegression'>
2025-04-25 13:57:18,664 - ml_logger - INFO - [Regression Algo Name] : LinerRegression 	 ->  R2-score = 0.9324
2025-04-25 13:57:18,664 - ml_logger - INFO - [Regression Algo Name] : <class 'regression.PolynomialRegression'>
2025-04-25 14:00:03,729 - ml_logger - INFO - args = Namespace(dataset='.\\Data\\Data_Regression.csv', ml_method='Regression', col_no=-1, algo='all')
2025-04-25 14:00:03,758 - ml_logger - INFO - result =  (0.9323789104734466, LinearRegression())
2025-04-25 14:00:03,786 - ml_logger - INFO - result =  (0.9459731575639202, LinearRegression())
2025-04-25 14:00:04,859 - ml_logger - INFO - result =  (0.9483940635883191, SVR())
2025-04-25 14:00:04,896 - ml_logger - INFO - result =  (0.9229733351311707, DecisionTreeRegressor(random_state=0))
2025-04-25 14:00:05,072 - ml_logger - INFO - result =  (0.960853142550123, RandomForestRegressor(n_estimators=10, random_state=0))
2025-04-25 14:00:05,072 - ml_logger - INFO - [Regression Algo Name] : <class 'regression.LinerRegression'>
2025-04-25 14:00:05,073 - ml_logger - INFO - [Regression Algo Name] : LinerRegression 	 ->  R2-score = 0.9324
2025-04-25 14:00:05,073 - ml_logger - INFO - [Regression Algo Name] : <class 'regression.PolynomialRegression'>
2025-04-25 14:00:05,073 - ml_logger - INFO - [Regression Algo Name] : PolynomialRegression 	 ->  R2-score = 0.9460
2025-04-25 14:00:05,073 - ml_logger - INFO - [Regression Algo Name] : <class 'regression.SupportVectorRegression'>
2025-04-25 14:00:05,073 - ml_logger - INFO - [Regression Algo Name] : SupportVectorRegression 	 ->  R2-score = 0.9484
2025-04-25 14:00:05,073 - ml_logger - INFO - [Regression Algo Name] : <class 'regression.DecisionTreeRegression'>
2025-04-25 14:00:05,073 - ml_logger - INFO - [Regression Algo Name] : DecisionTreeRegression 	 ->  R2-score = 0.9230
2025-04-25 14:00:05,073 - ml_logger - INFO - [Regression Algo Name] : <class 'regression.RandomForestRegression'>
2025-04-25 14:00:05,073 - ml_logger - INFO - [Regression Algo Name] : RandomForestRegression 	 ->  R2-score = 0.9609
2025-04-25 14:00:05,073 - ml_logger - INFO - [1.34400773s] : call_regression_method(<regression.BuildRegressionAlgo object at 0x000002327E149850>)
2025-04-25 14:01:51,812 - ml_logger - INFO - args = Namespace(dataset='.\\Data\\Data_Regression.csv', ml_method='Regression', col_no=-1, algo='all')
2025-04-25 14:01:51,841 - ml_logger - INFO - result =  (0.9323789104734466, LinearRegression())
2025-04-25 14:01:51,865 - ml_logger - INFO - result =  (0.9459731575639202, LinearRegression())
2025-04-25 14:01:52,953 - ml_logger - INFO - result =  (0.9483940635883191, SVR())
2025-04-25 14:01:52,991 - ml_logger - INFO - result =  (0.9229733351311707, DecisionTreeRegressor(random_state=0))
2025-04-25 14:01:53,167 - ml_logger - INFO - result =  (0.960853142550123, RandomForestRegressor(n_estimators=10, random_state=0))
2025-04-25 14:01:53,168 - ml_logger - INFO - [Regression Algo Name] : LinerRegression 	 ->  R2-score = 0.9324
2025-04-25 14:01:53,169 - ml_logger - INFO - [Regression Algo Name] : PolynomialRegression 	 ->  R2-score = 0.9460
2025-04-25 14:01:53,169 - ml_logger - INFO - [Regression Algo Name] : SupportVectorRegression 	 ->  R2-score = 0.9484
2025-04-25 14:01:53,169 - ml_logger - INFO - [Regression Algo Name] : DecisionTreeRegression 	 ->  R2-score = 0.9230
2025-04-25 14:01:53,169 - ml_logger - INFO - [Regression Algo Name] : RandomForestRegression 	 ->  R2-score = 0.9609
2025-04-25 14:01:53,169 - ml_logger - INFO - [1.35712004s] : call_regression_method(<regression.BuildRegressionAlgo object at 0x000001EC90AC68D0>)
2025-04-25 14:01:53,169 - ml_logger - INFO - result_regression = <regression.BuildRegressionAlgo object at 0x000001EC90AC68D0>
2025-04-25 14:06:25,590 - ml_logger - INFO - args = Namespace(dataset='.\\Data\\Data_Regression.csv', ml_method='Regression', col_no=-1, algo='all')
2025-04-25 14:06:25,616 - ml_logger - INFO - result =  (0.9323789104734466, LinearRegression())
2025-04-25 14:06:25,642 - ml_logger - INFO - result =  (0.9459731575639202, LinearRegression())
2025-04-25 14:06:26,713 - ml_logger - INFO - result =  (0.9483940635883191, SVR())
2025-04-25 14:06:26,755 - ml_logger - INFO - result =  (0.9229733351311707, DecisionTreeRegressor(random_state=0))
2025-04-25 14:06:26,937 - ml_logger - INFO - result =  (0.960853142550123, RandomForestRegressor(n_estimators=10, random_state=0))
2025-04-25 14:06:26,938 - ml_logger - INFO - Best Regression Algorithm = <class 'regression.RandomForestRegression'>
2025-04-25 14:06:26,938 - ml_logger - INFO - R2 Score = 0.960853142550123
2025-04-25 14:06:26,939 - ml_logger - INFO - Model Parameter = RandomForestRegressor(n_estimators=10, random_state=0)
2025-04-25 14:06:26,939 - ml_logger - INFO - [1.34889269s] : call_regression_method(<regression.BuildRegressionAlgo object at 0x000001C0994EBE60>)
2025-04-25 14:08:35,549 - ml_logger - INFO - args = Namespace(dataset='.\\Data\\Data_Regression.csv', ml_method='Regression', col_no=-1, algo='all')
2025-04-25 14:08:35,575 - ml_logger - INFO - result =  (0.9323789104734466, LinearRegression())
2025-04-25 14:08:35,599 - ml_logger - INFO - result =  (0.9459731575639202, LinearRegression())
2025-04-25 14:08:36,693 - ml_logger - INFO - result =  (0.9483940635883191, SVR())
2025-04-25 14:08:36,730 - ml_logger - INFO - result =  (0.9229733351311707, DecisionTreeRegressor(random_state=0))
2025-04-25 14:08:36,908 - ml_logger - INFO - result =  (0.960853142550123, RandomForestRegressor(n_estimators=10, random_state=0))
2025-04-25 14:08:36,909 - ml_logger - INFO - Best Regression Algorithm = RandomForestRegression
2025-04-25 14:08:36,909 - ml_logger - INFO - R2 Score = 0.960853142550123
2025-04-25 14:08:36,910 - ml_logger - INFO - Model Parameter = RandomForestRegressor(n_estimators=10, random_state=0)
2025-04-25 14:26:30,130 - ml_logger - INFO - args = Namespace(dataset='.\\Data\\Data_Regression.csv', ml_method='Regression', col_no=-1, algo='all')
2025-04-25 14:26:31,485 - ml_logger - INFO - Best Regression Algorithm = RandomForestRegression
2025-04-25 14:26:31,485 - ml_logger - INFO - R2 Score = 0.960853142550123
2025-04-25 14:26:31,486 - ml_logger - INFO - Model Parameter = RandomForestRegressor(n_estimators=10, random_state=0)
2025-04-25 14:54:27,263 - ml_logger - INFO - args = Namespace(dataset='.\\Data\\Data_Regression.csv', ml_method='Regression', col_no=-1, algo='LinearRegression')
2025-04-25 14:54:27,263 - ml_logger - ERROR - You have entered the regression algorith as -a LinearRegression. Possible algoriths are: 
2025-04-25 14:54:27,263 - ml_logger - ERROR - regression_algo = <class 'regression.LinerRegression'>
2025-04-25 14:54:27,263 - ml_logger - ERROR - regression_algo = <class 'regression.PolynomialRegression'>
2025-04-25 14:54:27,264 - ml_logger - ERROR - regression_algo = <class 'regression.SupportVectorRegression'>
2025-04-25 14:54:27,264 - ml_logger - ERROR - regression_algo = <class 'regression.DecisionTreeRegression'>
2025-04-25 14:54:27,264 - ml_logger - ERROR - regression_algo = <class 'regression.RandomForestRegression'>
2025-04-25 14:55:10,757 - ml_logger - INFO - args = Namespace(dataset='.\\Data\\Data_Regression.csv', ml_method='Regression', col_no=-1, algo='LinearRegression')
2025-04-25 14:56:41,644 - ml_logger - INFO - args = Namespace(dataset='.\\Data\\Data_Regression.csv', ml_method='Regression', col_no=-1, algo='all')
2025-04-25 14:58:19,573 - ml_logger - INFO - args = Namespace(dataset='.\\Data\\Data_Regression.csv', ml_method='Regression', col_no=-1, algo='all')
2025-04-25 14:58:20,944 - ml_logger - INFO - Best Regression Algorithm = RandomForestRegression
2025-04-25 14:58:20,944 - ml_logger - INFO - R2 Score = 0.960853142550123
2025-04-25 14:58:20,945 - ml_logger - INFO - Model Parameter = RandomForestRegressor(n_estimators=10, random_state=0)
2025-04-25 14:58:35,654 - ml_logger - INFO - args = Namespace(dataset='.\\Data\\Data_Regression.csv', ml_method='Regression', col_no=-1, algo='LinerRegression')
2025-04-25 14:59:52,170 - ml_logger - INFO - args = Namespace(dataset='.\\Data\\Data_Regression.csv', ml_method='Regression', col_no=-1, algo='LinerRegression')
2025-04-25 15:00:19,545 - ml_logger - INFO - args = Namespace(dataset='.\\Data\\Data_Regression.csv', ml_method='Regression', col_no=-1, algo='LinerRegression')
2025-04-25 15:01:11,537 - ml_logger - INFO - args = Namespace(dataset='.\\Data\\Data_Regression.csv', ml_method='Regression', col_no=-1, algo='LinerRegression')
2025-04-25 15:01:11,567 - ml_logger - INFO - Regression Algorithm = LinerRegression
2025-04-25 15:01:11,567 - ml_logger - INFO - R2 Score = 0.9323789104734466
2025-04-25 15:01:11,568 - ml_logger - INFO - Model Parameter = LinearRegression()
2025-04-25 15:01:39,875 - ml_logger - INFO - args = Namespace(dataset='.\\Data\\Data_Regression.csv', ml_method='Regression', col_no=-1, algo='DecisionTreeRegression')
2025-04-25 15:01:39,911 - ml_logger - INFO - Regression Algorithm = DecisionTreeRegression
2025-04-25 15:01:39,911 - ml_logger - INFO - R2 Score = 0.9229733351311707
2025-04-25 15:01:39,913 - ml_logger - INFO - Model Parameter = DecisionTreeRegressor(random_state=0)
2025-04-25 15:02:04,811 - ml_logger - INFO - args = Namespace(dataset='.\\Data\\Data_Regression.csv', ml_method='Regression', col_no=-1, algo='all')
2025-04-25 15:02:06,172 - ml_logger - INFO - Best Regression Algorithm = RandomForestRegression
2025-04-25 15:02:06,172 - ml_logger - INFO - R2 Score = 0.960853142550123
2025-04-25 15:02:06,172 - ml_logger - INFO - Model Parameter = RandomForestRegressor(n_estimators=10, random_state=0)
2025-04-25 15:02:27,995 - ml_logger - INFO - args = Namespace(dataset='.\\Data\\Data_Regression.csv', ml_method='Regression', col_no=-1, algo='SupportVectorRegression')
2025-04-25 15:02:29,067 - ml_logger - INFO - Regression Algorithm = SupportVectorRegression
2025-04-25 15:02:29,067 - ml_logger - INFO - R2 Score = 0.9483940635883191
2025-04-25 15:02:29,068 - ml_logger - INFO - Model Parameter = SVR()
2025-04-25 15:09:40,741 - ml_logger - INFO - args = Namespace(dataset='.\\Data\\Data_Regression.csv', ml_method='Regression', col_no=-1, algo='SupportVectorRegression')
2025-04-25 15:09:40,742 - ml_logger - ERROR - You have entered the regression algorith as -a SupportVectorRegression. Possible algoriths are: 
2025-04-25 15:09:40,742 - ml_logger - ERROR - regression_algo = <class 'regression.Linear'>
2025-04-25 15:09:40,742 - ml_logger - ERROR - regression_algo = <class 'regression.Polynomial'>
2025-04-25 15:09:40,742 - ml_logger - ERROR - regression_algo = <class 'regression.SupportVector'>
2025-04-25 15:09:40,742 - ml_logger - ERROR - regression_algo = <class 'regression.DecisionTree'>
2025-04-25 15:09:40,742 - ml_logger - ERROR - regression_algo = <class 'regression.RandomForest'>
2025-04-25 15:09:47,165 - ml_logger - INFO - args = Namespace(dataset='.\\Data\\Data_Regression.csv', ml_method='Regression', col_no=-1, algo='SupportVector')
2025-04-25 15:09:48,243 - ml_logger - INFO - Regression Algorithm = SupportVector
2025-04-25 15:09:48,243 - ml_logger - INFO - R2 Score = 0.9483940635883191
2025-04-25 15:09:48,244 - ml_logger - INFO - Model Parameter = SVR()
2025-04-25 15:09:58,827 - ml_logger - INFO - args = Namespace(dataset='.\\Data\\Data_Regression.csv', ml_method='Regression', col_no=-1, algo='Linear')
2025-04-25 15:09:58,854 - ml_logger - INFO - Regression Algorithm = Linear
2025-04-25 15:09:58,854 - ml_logger - INFO - R2 Score = 0.9323789104734466
2025-04-25 15:09:58,855 - ml_logger - INFO - Model Parameter = LinearRegression()
2025-04-25 15:10:05,103 - ml_logger - INFO - args = Namespace(dataset='.\\Data\\Data_Regression.csv', ml_method='Regression', col_no=-1, algo='Linear1')
2025-04-25 15:10:05,104 - ml_logger - ERROR - You have entered the regression algorith as -a Linear1. Possible algoriths are: 
2025-04-25 15:10:05,104 - ml_logger - ERROR - regression_algo = <class 'regression.Linear'>
2025-04-25 15:10:05,104 - ml_logger - ERROR - regression_algo = <class 'regression.Polynomial'>
2025-04-25 15:10:05,104 - ml_logger - ERROR - regression_algo = <class 'regression.SupportVector'>
2025-04-25 15:10:05,104 - ml_logger - ERROR - regression_algo = <class 'regression.DecisionTree'>
2025-04-25 15:10:05,104 - ml_logger - ERROR - regression_algo = <class 'regression.RandomForest'>
2025-04-25 15:10:39,925 - ml_logger - INFO - args = Namespace(dataset='.\\Data\\Data_Regression.csv', ml_method='Regression', col_no=-1, algo='Linear1')
2025-04-25 15:10:39,925 - ml_logger - ERROR - You have entered the regression algorith as -a Linear1. Possible algoriths are: 
2025-04-25 15:10:39,926 - ml_logger - ERROR - regression_algo = Linear
2025-04-25 15:10:39,926 - ml_logger - ERROR - regression_algo = Polynomial
2025-04-25 15:10:39,926 - ml_logger - ERROR - regression_algo = SupportVector
2025-04-25 15:10:39,926 - ml_logger - ERROR - regression_algo = DecisionTree
2025-04-25 15:10:39,926 - ml_logger - ERROR - regression_algo = RandomForest
2025-04-25 15:16:53,703 - ml_logger - INFO - args = Namespace(dataset='.\\Data\\Data_Regression.csv', ml_method='Regression', col_no=-1, algo='Linear1')
2025-04-25 15:16:53,704 - ml_logger - ERROR - You have entered the regression algorith as -a Linear1. 
Possible algoriths are: {[x.__name__ for x in regression_algo_disc.keys()]}
2025-04-25 15:17:04,026 - ml_logger - INFO - args = Namespace(dataset='.\\Data\\Data_Regression.csv', ml_method='Regression', col_no=-1, algo='Linear1')
2025-04-25 15:17:04,027 - ml_logger - ERROR - You have entered the regression algorith as -a Linear1. 
Possible algoriths are: ['Linear', 'Polynomial', 'SupportVector', 'DecisionTree', 'RandomForest']
2025-04-25 15:18:39,989 - ml_logger - INFO - args = Namespace(dataset='.\\Data\\Data_Regression.csv', ml_method='Clustering', col_no=-1, algo='11')
2025-04-25 15:18:39,989 - ml_logger - ERROR - You have entered the clustering algorith as -a 11. 
Possible algoriths are: ['KMeansClusteringManual', 'KMeansClusteringAuto', 'HierarchicalClustering']
2025-04-25 15:19:00,048 - ml_logger - INFO - args = Namespace(dataset='.\\Data\\Data_Regression.csv', ml_method='Clustering', col_no=-1, algo='KMeansClusteringAuto')
2025-04-25 15:19:00,177 - ml_logger - INFO - Optimized number of clusters based on the autoelbow.auto_elbow_search: 3
2025-04-25 15:19:32,950 - ml_logger - INFO - args = Namespace(dataset='.\\Data\\Data_Clustering.csv', ml_method='Clustering', col_no=[3, 4], algo='KMeansClusteringAuto')
2025-04-25 15:19:33,018 - ml_logger - INFO - Optimized number of clusters based on the autoelbow.auto_elbow_search: 4
2025-04-25 15:37:21,204 - ml_logger - INFO - args = Namespace(dataset='.\\Data\\Data_Classification.csv', ml_method='Classification', col_no=-1, algo='all')
2025-04-25 15:37:21,306 - ml_logger - INFO - Best Regression Algorithm = SupportVector
2025-04-25 15:37:21,306 - ml_logger - INFO - R2 Score = 0.8422071695444902
2025-04-25 15:37:21,306 - ml_logger - INFO - Model Parameter = SVR()
2025-04-25 15:38:57,435 - ml_logger - INFO - args = Namespace(dataset='.\\Data\\Data_Classification.csv', ml_method='Classification', col_no=-1, algo='all')
2025-04-25 15:38:57,523 - ml_logger - INFO - Best Regression Algorithm = SupportVector
2025-04-25 15:38:57,523 - ml_logger - INFO - R2 Score = 0.8422071695444902
2025-04-25 15:38:57,523 - ml_logger - INFO - Model Parameter = SVR()
2025-04-25 15:40:21,278 - ml_logger - INFO - args = Namespace(dataset='.\\Data\\Data_Classification.csv', ml_method='Classification', col_no=-1, algo='Logistics')
2025-04-25 15:40:21,278 - ml_logger - ERROR - You have entered the regression algorith as -a Logistics. 
Possible algoriths are: ['Linear', 'Polynomial', 'SupportVector', 'DecisionTree', 'RandomForest']
2025-04-25 15:40:59,840 - ml_logger - INFO - args = Namespace(dataset='.\\Data\\Data_Classification.csv', ml_method='Classification', col_no=-1, algo='all')
2025-04-25 15:40:59,929 - ml_logger - INFO - Best Regression Algorithm = SupportVector
2025-04-25 15:40:59,929 - ml_logger - INFO - R2 Score = 0.8422071695444902
2025-04-25 15:40:59,929 - ml_logger - INFO - Model Parameter = SVR()
2025-04-25 15:41:12,365 - ml_logger - INFO - args = Namespace(dataset='.\\Data\\Data_Classification.csv', ml_method='Classification', col_no=-1, algo='all')
2025-04-25 15:42:14,864 - ml_logger - INFO - args = Namespace(dataset='.\\Data\\Data_Classification.csv', ml_method='Classification', col_no=-1, algo='all')
2025-04-25 15:42:30,301 - ml_logger - INFO - args = Namespace(dataset='.\\Data\\Data_Classification.csv', ml_method='Classification', col_no=-1, algo='all')
2025-04-25 15:42:30,337 - ml_logger - INFO - Best Clasification Algorithm = Logistic
2025-04-25 15:42:30,337 - ml_logger - INFO - R2 Score = 0.9122807017543859
2025-04-25 15:42:30,337 - ml_logger - INFO - Model Parameter = [[99  8]
 [ 7 57]]
2025-04-25 15:44:23,543 - ml_logger - INFO - args = Namespace(dataset='.\\Data\\Data_Classification.csv', ml_method='Classification', col_no=-1, algo='all')
2025-04-25 15:44:23,569 - ml_logger - INFO - Best Clasification Algorithm = Logistic
2025-04-25 15:44:23,569 - ml_logger - INFO - Accuracy Score = 0.9122807017543859
2025-04-25 15:44:23,569 - ml_logger - INFO - Confusion Matrix = [[99  8]
 [ 7 57]]
2025-04-25 15:44:23,569 - ml_logger - INFO - Model Parameter = LogisticRegression(random_state=0)
2025-04-25 15:46:22,261 - ml_logger - INFO - args = Namespace(dataset='.\\Data\\Data_Classification.csv', ml_method='Classification', col_no=-1, algo='all')
2025-04-25 15:46:22,305 - ml_logger - INFO - Best Clasification Algorithm = Logistic
2025-04-25 15:46:22,305 - ml_logger - INFO - Accuracy Score = 0.9122807017543859
2025-04-25 15:46:22,305 - ml_logger - INFO - Confusion Matrix = [[99  8]
 [ 7 57]]
2025-04-25 15:46:22,305 - ml_logger - INFO - Model Parameter = LogisticRegression(random_state=0)
2025-04-25 15:48:55,822 - ml_logger - INFO - args = Namespace(dataset='.\\Data\\Data_Classification.csv', ml_method='Classification', col_no=-1, algo='all')
2025-04-25 15:48:55,878 - ml_logger - INFO - Best Clasification Algorithm = Logistic
2025-04-25 15:48:55,878 - ml_logger - INFO - Accuracy Score = 0.9122807017543859
2025-04-25 15:48:55,878 - ml_logger - INFO - Confusion Matrix = [[99  8]
 [ 7 57]]
2025-04-25 15:48:55,879 - ml_logger - INFO - Model Parameter = LogisticRegression(random_state=0)
2025-04-25 15:49:16,559 - ml_logger - INFO - args = Namespace(dataset='.\\Data\\Data_Classification.csv', ml_method='Classification', col_no=-1, algo='all')
2025-04-25 15:49:16,593 - ml_logger - INFO - Best Clasification Algorithm = Logistic
2025-04-25 15:49:16,593 - ml_logger - INFO - Accuracy Score = 0.9122807017543859
2025-04-25 15:55:38,868 - ml_logger - INFO - args = Namespace(dataset='.\\Data\\Data_Classification.csv', ml_method='Classification', col_no=-1, algo='all')
2025-04-25 15:55:52,465 - ml_logger - INFO - Best Clasification Algorithm = DecisionTree
2025-04-25 15:55:52,465 - ml_logger - INFO - Accuracy Score = 0.9590643274853801
2025-04-25 15:56:59,449 - ml_logger - INFO - args = Namespace(dataset='.\\Data\\Data_Classification.csv', ml_method='Classification', col_no=-1, algo='DecisionTree')
2025-04-25 15:56:59,457 - ml_logger - INFO - Clasification Algorithm = DecisionTree
2025-04-25 15:56:59,457 - ml_logger - INFO - Accuracy Score = 0.9590643274853801
2025-04-25 15:57:05,123 - ml_logger - INFO - args = Namespace(dataset='.\\Data\\Data_Classification.csv', ml_method='Classification', col_no=-1, algo='DecisionTre')
2025-04-25 15:57:05,123 - ml_logger - ERROR - You have entered the clasification algorith as -a DecisionTre. 
Possible algoriths are: ['Logistic', 'KNN', 'SVM_Linear', 'SVM_Kenel', 'NaiveNayes', 'DecisionTree', 'RandomForest']
2025-04-25 15:58:58,957 - ml_logger - INFO - args = Namespace(dataset='.\\Data\\Data_Classification.csv', ml_method='Classification', col_no=-1, algo='DecisionTre')
2025-04-25 15:58:58,958 - ml_logger - ERROR - You have entered the clasification algorith DecisionTre. 
Possible algoriths are: ['Logistic', 'KNN', 'SVM_Linear', 'SVM_Kenel', 'NaiveNayes', 'DecisionTree', 'RandomForest']
2025-04-25 16:03:37,443 - ml_logger - INFO - args = Namespace(dataset='.\\Data\\Data_Classification.csv', ml_method='Classification', col_no=-1, algo='all')
2025-04-25 16:03:51,037 - ml_logger - INFO - Best Clasification Algorithm = DecisionTree
2025-04-25 16:03:51,038 - ml_logger - INFO - Accuracy Score = 0.9590643274853801
2025-04-25 16:04:02,484 - ml_logger - INFO - args = Namespace(dataset='.\\Data\\Data_Clustering.csv', ml_method='Clustering', col_no=[3, 4], algo='all')
2025-04-25 16:04:08,379 - ml_logger - INFO - You have entered number of clusters = 4
2025-04-25 16:04:10,280 - ml_logger - INFO - Optimized number of clusters based on the autoelbow.auto_elbow_search: 5
2025-04-25 16:04:13,996 - ml_logger - INFO - You have entered number of clusters = 4
2025-04-25 16:04:21,890 - ml_logger - INFO - args = Namespace(dataset='.\\Data\\Data_Clustering.csv', ml_method='Regression', col_no=-1, algo='all')
2025-04-25 16:04:21,950 - ml_logger - INFO - Best Regression Algorithm = DecisionTree
2025-04-25 16:04:21,950 - ml_logger - INFO - R2 Score = 0.40028943747052326
2025-04-25 16:04:21,951 - ml_logger - INFO - Model Parameter = DecisionTreeRegressor(random_state=0)
2025-04-25 16:04:34,197 - ml_logger - INFO - args = Namespace(dataset='.\\Data\\Data_Regression.csv', ml_method='Regression', col_no=-1, algo='all')
2025-04-25 16:04:35,551 - ml_logger - INFO - Best Regression Algorithm = RandomForest
2025-04-25 16:04:35,551 - ml_logger - INFO - R2 Score = 0.960853142550123
2025-04-25 16:04:35,551 - ml_logger - INFO - Model Parameter = RandomForestRegressor(n_estimators=10, random_state=0)
2025-04-25 16:04:54,020 - ml_logger - INFO - args = Namespace(dataset='.\\Data\\Data_Classification.csv', ml_method='Classification', col_no=-1, algo='all')
2025-04-25 16:05:07,592 - ml_logger - INFO - Best Clasification Algorithm = DecisionTree
2025-04-25 16:05:07,592 - ml_logger - INFO - Accuracy Score = 0.9590643274853801
2025-04-25 16:17:24,624 - ml_logger - INFO - args = Namespace(dataset='.\\Data\\Data_Classification.csv', ml_method='Classification', col_no=-1, algo='all')
2025-04-25 16:17:38,180 - ml_logger - INFO - Best Clasification Algorithm = DecisionTree
2025-04-25 16:17:38,181 - ml_logger - INFO - Accuracy Score = 0.9590643274853801
